  Wall.cpp
  Texture2D.cpp
c:\users\mcgrawj\documents\visual studio 2015\projects\dn3d_opengl\dn3d_opengl\texture2d.cpp(20): warning C4018: '>=': signed/unsigned mismatch
c:\users\mcgrawj\documents\visual studio 2015\projects\dn3d_opengl\dn3d_opengl\texture2d.cpp(21): warning C4018: '>=': signed/unsigned mismatch
  Program.cpp
  PointLight.cpp
  Player.cpp
  MapFactory.cpp
  Main.cpp
c:\users\mcgrawj\documents\visual studio 2015\projects\dn3d_opengl\dn3d_opengl\main.cpp(153): warning C4018: '<': signed/unsigned mismatch
c:\users\mcgrawj\documents\visual studio 2015\projects\dn3d_opengl\dn3d_opengl\main.cpp(154): warning C4018: '<': signed/unsigned mismatch
c:\users\mcgrawj\documents\visual studio 2015\projects\dn3d_opengl\dn3d_opengl\main.cpp(265): warning C4018: '<': signed/unsigned mismatch
c:\users\mcgrawj\documents\visual studio 2015\projects\dn3d_opengl\dn3d_opengl\main.cpp(290): warning C4018: '<': signed/unsigned mismatch
  lodepng.cpp
  Level.cpp
  Helper.cpp
c:\users\mcgrawj\documents\visual studio 2015\projects\dn3d_opengl\dn3d_opengl\helper.cpp(15): warning C4244: 'argument': conversion from 'uint64_t' to 'unsigned int', possible loss of data
  GameObject.cpp
  FrameBuffer.cpp
  ContentManager.cpp
c:\users\mcgrawj\documents\visual studio 2015\projects\dn3d_opengl\dn3d_opengl\contentmanager.cpp(67): warning C4018: '<': signed/unsigned mismatch
c:\users\mcgrawj\documents\visual studio 2015\projects\dn3d_opengl\dn3d_opengl\contentmanager.cpp(69): warning C4018: '<': signed/unsigned mismatch
c:\users\mcgrawj\documents\visual studio 2015\projects\dn3d_opengl\dn3d_opengl\contentmanager.cpp(71): warning C4018: '<': signed/unsigned mismatch
  Camera.cpp
c:\users\mcgrawj\documents\visual studio 2015\projects\dn3d_opengl\dn3d_opengl\camera.cpp(54): warning C4305: 'initializing': truncation from 'double' to 'float'
c:\users\mcgrawj\documents\visual studio 2015\projects\dn3d_opengl\dn3d_opengl\camera.cpp(134): warning C4244: '+=': conversion from 'double' to 'float', possible loss of data
  Blurb.cpp
  Block.cpp
  Billboard.cpp
  Actor.cpp
  Generating Code...
LINK : warning LNK4098: defaultlib 'MSVCRT' conflicts with use of other libs; use /NODEFAULTLIB:library
  DN3D_OPENGL.vcxproj -> C:\Users\mcgrawj\Documents\Visual Studio 2015\Projects\DN3D_OPENGL\Debug\DN3D_OPENGL.exe
  DN3D_OPENGL.vcxproj -> C:\Users\mcgrawj\Documents\Visual Studio 2015\Projects\DN3D_OPENGL\Debug\DN3D_OPENGL.pdb (Partial PDB)
